1683246700547	geckodriver	INFO	Listening on 127.0.0.1:54332
1683246700953	mozrunner::runner	INFO	Running command: "/Applications/Firefox.app/Contents/MacOS/firefox-bin" "--marionette" "--headless" "--remote-debugging-port" ... s" "localhost" "-foreground" "-no-remote" "-profile" "/var/folders/c3/m3dy25w96g7gsf9c7fqsbwf00000gn/T/rust_mozprofilerCOuA5"
*** You are running in headless mode.
console.warn: services.settings: Ignoring preference override of remote settings server
console.warn: services.settings: Allow by setting MOZ_REMOTE_SETTINGS_DEVTOOLS=1 in the environment
1683246701673	Marionette	INFO	Marionette enabled
1683246701784	Marionette	INFO	Listening on port 54344
Read port: 54344
console.error: "Warning: unrecognized command line flag -remote-allow-hosts\n"
WebDriver BiDi listening on ws://127.0.0.1:54333
1683246701900	RemoteAgent	WARN	TLS certificate errors will be ignored for this session
[GFX1-]: RenderCompositorSWGL failed mapping default framebuffer, no dt
console.warn: SearchSettings: "get: No settings file exists, new profile?" (new NotFoundError("Could not open the file at /var/folders/c3/m3dy25w96g7gsf9c7fqsbwf00000gn/T/rust_mozprofilerCOuA5/search.json.mozlz4", (void 0)))
DevTools listening on ws://127.0.0.1:54333/devtools/browser/0214c0e3-bff8-48d0-b554-f6d1e7c9b051
1683246703576	Marionette	WARN	Ignoring event 'pageshow' because document has an invalid readyState of 'loading'.
1683246815334	geckodriver	INFO	Listening on 127.0.0.1:54960
1683246815843	mozrunner::runner	INFO	Running command: "/Applications/Firefox.app/Contents/MacOS/firefox-bin" "--marionette" "--headless" "--remote-debugging-port" ... s" "localhost" "-foreground" "-no-remote" "-profile" "/var/folders/c3/m3dy25w96g7gsf9c7fqsbwf00000gn/T/rust_mozprofileGJrDPR"
*** You are running in headless mode.
console.warn: services.settings: Ignoring preference override of remote settings server
console.warn: services.settings: Allow by setting MOZ_REMOTE_SETTINGS_DEVTOOLS=1 in the environment
1683246816219	Marionette	INFO	Marionette enabled
1683246816258	Marionette	INFO	Listening on port 54973
Read port: 54973
console.error: "Warning: unrecognized command line flag -remote-allow-hosts\n"
WebDriver BiDi listening on ws://127.0.0.1:54961
1683246816443	RemoteAgent	WARN	TLS certificate errors will be ignored for this session
[GFX1-]: RenderCompositorSWGL failed mapping default framebuffer, no dt
console.warn: SearchSettings: "get: No settings file exists, new profile?" (new NotFoundError("Could not open the file at /var/folders/c3/m3dy25w96g7gsf9c7fqsbwf00000gn/T/rust_mozprofileGJrDPR/search.json.mozlz4", (void 0)))
DevTools listening on ws://127.0.0.1:54961/devtools/browser/33548221-7791-42e1-84d7-e570eea84f31
1683246820874	Marionette	WARN	Ignoring event 'pageshow' because document has an invalid readyState of 'loading'.
1683246823169	Marionette	INFO	Stopped listening on port 54973
console.error: (new TypeError("NetworkError: Network request failed", "resource://services-settings/Utils.jsm", 237))
JavaScript error: resource://services-settings/Utils.jsm, line 237: TypeError: NetworkError: Network request failed
WARNING: A blocker encountered an error while we were waiting.
          Blocker:  Waiting for ping task
          Phase: TelemetryController: Waiting for pending ping activity
          State: (none)
WARNING: Error: Phase "profile-before-change" is finished, it is too late to register completion condition "OS.File: flush I/O queued before profileBeforeChange"
WARNING: addBlocker@resource://gre/modules/AsyncShutdown.sys.mjs:727:15
addBlocker@resource://gre/modules/AsyncShutdown.sys.mjs:523:26
addBlocker@resource://gre/modules/AsyncShutdown.sys.mjs:458:15
setupShutdown@resource://gre/modules/osfile/osfile_async_front.jsm:1548:28
@resource://gre/modules/osfile/osfile_async_front.jsm:1568:16
@resource://gre/modules/osfile.jsm:12:30
@resource://gre/modules/TelemetryStorage.sys.mjs:10:28
_checkPendingPings@resource://gre/modules/TelemetrySend.sys.mjs:863:17
setup@resource://gre/modules/TelemetrySend.sys.mjs:803:18
setup@resource://gre/modules/TelemetrySend.sys.mjs:241:30
setupTelemetry/this._delayedInitTask<@resource://gre/modules/TelemetryControllerParent.sys.mjs:828:36
observe@resource://gre/modules/AsyncShutdown.sys.mjs:576:16

console.error: "TelemetryScheduler.shutdown - Already shut down"
WARNING: A blocker encountered an error while we were waiting.
          Blocker:  Waiting for ping task
          Phase: TelemetryController: Waiting for pending ping activity
          State: (none)
WARNING: Error: Phase "profile-before-change" is finished, it is too late to register completion condition "OS.File: flush I/O queued before profileBeforeChange"
WARNING: addBlocker@resource://gre/modules/AsyncShutdown.sys.mjs:727:15
addBlocker@resource://gre/modules/AsyncShutdown.sys.mjs:523:26
addBlocker@resource://gre/modules/AsyncShutdown.sys.mjs:458:15
setupShutdown@resource://gre/modules/osfile/osfile_async_front.jsm:1548:28
@resource://gre/modules/osfile/osfile_async_front.jsm:1568:16
@resource://gre/modules/osfile.jsm:12:30
@resource://gre/modules/TelemetryStorage.sys.mjs:10:28
_checkPendingPings@resource://gre/modules/TelemetrySend.sys.mjs:863:17
setup@resource://gre/modules/TelemetrySend.sys.mjs:803:18
setup@resource://gre/modules/TelemetrySend.sys.mjs:241:30
setupTelemetry/this._delayedInitTask<@resource://gre/modules/TelemetryControllerParent.sys.mjs:828:36
observe@resource://gre/modules/AsyncShutdown.sys.mjs:576:16

WARNING: A blocker encountered an error while we were waiting.
          Blocker:  Waiting for ping task
          Phase: TelemetryController: Waiting for pending ping activity
          State: (none)
WARNING: Error: Phase "profile-before-change" is finished, it is too late to register completion condition "OS.File: flush I/O queued before profileBeforeChange"
WARNING: addBlocker@resource://gre/modules/AsyncShutdown.sys.mjs:727:15
addBlocker@resource://gre/modules/AsyncShutdown.sys.mjs:523:26
addBlocker@resource://gre/modules/AsyncShutdown.sys.mjs:458:15
setupShutdown@resource://gre/modules/osfile/osfile_async_front.jsm:1548:28
@resource://gre/modules/osfile/osfile_async_front.jsm:1568:16
@resource://gre/modules/osfile.jsm:12:30
@resource://gre/modules/TelemetryStorage.sys.mjs:10:28
_checkPendingPings@resource://gre/modules/TelemetrySend.sys.mjs:863:17
setup@resource://gre/modules/TelemetrySend.sys.mjs:803:18
setup@resource://gre/modules/TelemetrySend.sys.mjs:241:30
setupTelemetry/this._delayedInitTask<@resource://gre/modules/TelemetryControllerParent.sys.mjs:828:36
observe@resource://gre/modules/AsyncShutdown.sys.mjs:576:16

WARNING: A blocker encountered an error while we were waiting.
          Blocker:  TelemetryController: shutting down
          Phase: profile-before-change-telemetry
          State: Error getting state: Error: Phase "profile-before-change" is finished, it is too late to register completion condition "OS.File: flush I/O queued before profileBeforeChange" at addBlocker@resource://gre/modules/AsyncShutdown.sys.mjs:727:15
addBlocker@resource://gre/modules/AsyncShutdown.sys.mjs:523:26
addBlocker@resource://gre/modules/AsyncShutdown.sys.mjs:458:15
setupShutdown@resource://gre/modules/osfile/osfile_async_front.jsm:1548:28
@resource://gre/modules/osfile/osfile_async_front.jsm:1568:16
@resource://gre/modules/osfile.jsm:12:30
@resource://gre/modules/TelemetryStorage.sys.mjs:10:28
_checkPendingPings@resource://gre/modules/TelemetrySend.sys.mjs:863:17
setup@resource://gre/modules/TelemetrySend.sys.mjs:803:18
setup@resource://gre/modules/TelemetrySend.sys.mjs:241:30
setupTelemetry/this._delayedInitTask<@resource://gre/modules/TelemetryControllerParent.sys.mjs:828:36
observe@resource://gre/modules/AsyncShutdown.sys.mjs:576:16

WARNING: Error: Phase "profile-before-change" is finished, it is too late to register completion condition "OS.File: flush I/O queued before profileBeforeChange"
WARNING: addBlocker@resource://gre/modules/AsyncShutdown.sys.mjs:727:15
addBlocker@resource://gre/modules/AsyncShutdown.sys.mjs:523:26
addBlocker@resource://gre/modules/AsyncShutdown.sys.mjs:458:15
setupShutdown@resource://gre/modules/osfile/osfile_async_front.jsm:1548:28
@resource://gre/modules/osfile/osfile_async_front.jsm:1568:16
@resource://gre/modules/osfile.jsm:12:30
@resource://gre/modules/TelemetryStorage.sys.mjs:10:28
_checkPendingPings@resource://gre/modules/TelemetrySend.sys.mjs:863:17
setup@resource://gre/modules/TelemetrySend.sys.mjs:803:18
setup@resource://gre/modules/TelemetrySend.sys.mjs:241:30
setupTelemetry/this._delayedInitTask<@resource://gre/modules/TelemetryControllerParent.sys.mjs:828:36
observe@resource://gre/modules/AsyncShutdown.sys.mjs:576:16

JavaScript error: resource://gre/modules/AsyncShutdown.sys.mjs, line 727: Error: Phase "profile-before-change" is finished, it is too late to register completion condition "OS.File: flush I/O queued before profileBeforeChange"
JavaScript error: resource://gre/modules/AsyncShutdown.sys.mjs, line 727: Error: Phase "profile-before-change" is finished, it is too late to register completion condition "OS.File: flush I/O queued before profileBeforeChange"
JavaScript error: resource://gre/modules/AsyncShutdown.sys.mjs, line 727: Error: Phase "profile-before-change" is finished, it is too late to register completion condition "OS.File: flush I/O queued before profileBeforeChange"
JavaScript error: resource://gre/modules/AsyncShutdown.sys.mjs, line 727: Error: Phase "profile-before-change" is finished, it is too late to register completion condition "OS.File: flush I/O queued before profileBeforeChange"
JavaScript error: resource://gre/modules/AsyncShutdown.sys.mjs, line 727: Error: Phase "profile-before-change" is finished, it is too late to register completion condition "OS.File: flush I/O queued before profileBeforeChange"
JavaScript error: resource://gre/modules/AsyncShutdown.sys.mjs, line 727: Error: Phase "profile-before-change" is finished, it is too late to register completion condition "OS.File: flush I/O queued before profileBeforeChange"
1683246898730	geckodriver	INFO	Listening on 127.0.0.1:55393
1683246899239	mozrunner::runner	INFO	Running command: "/Applications/Firefox.app/Contents/MacOS/firefox-bin" "--marionette" "--headless" "--remote-debugging-port" ... s" "localhost" "-foreground" "-no-remote" "-profile" "/var/folders/c3/m3dy25w96g7gsf9c7fqsbwf00000gn/T/rust_mozprofilerqnm1q"
*** You are running in headless mode.
console.warn: services.settings: Ignoring preference override of remote settings server
console.warn: services.settings: Allow by setting MOZ_REMOTE_SETTINGS_DEVTOOLS=1 in the environment
1683246899489	Marionette	INFO	Marionette enabled
1683246899519	Marionette	INFO	Listening on port 55405
console.error: "Warning: unrecognized command line flag -remote-allow-hosts\n"
Read port: 55405
WebDriver BiDi listening on ws://127.0.0.1:55394
1683246899720	RemoteAgent	WARN	TLS certificate errors will be ignored for this session
[GFX1-]: RenderCompositorSWGL failed mapping default framebuffer, no dt
console.warn: SearchSettings: "get: No settings file exists, new profile?" (new NotFoundError("Could not open the file at /var/folders/c3/m3dy25w96g7gsf9c7fqsbwf00000gn/T/rust_mozprofilerqnm1q/search.json.mozlz4", (void 0)))
DevTools listening on ws://127.0.0.1:55394/devtools/browser/b8156c80-e8ba-4857-a784-18a3f7c9c093
1683246901041	Marionette	WARN	Ignoring event 'pageshow' because document has an invalid readyState of 'loading'.
1683246905931	Marionette	INFO	Stopped listening on port 55405
console.error: (new TypeError("NetworkError: Network request failed", "resource://services-settings/Utils.jsm", 237))
JavaScript error: resource://services-settings/Utils.jsm, line 237: TypeError: NetworkError: Network request failed
WARNING: A blocker encountered an error while we were waiting.
          Blocker:  Waiting for ping task
          Phase: TelemetryController: Waiting for pending ping activity
          State: (none)
WARNING: Error: Phase "profile-before-change" is finished, it is too late to register completion condition "OS.File: flush I/O queued before profileBeforeChange"
WARNING: addBlocker@resource://gre/modules/AsyncShutdown.sys.mjs:727:15
addBlocker@resource://gre/modules/AsyncShutdown.sys.mjs:523:26
addBlocker@resource://gre/modules/AsyncShutdown.sys.mjs:458:15
setupShutdown@resource://gre/modules/osfile/osfile_async_front.jsm:1548:28
@resource://gre/modules/osfile/osfile_async_front.jsm:1568:16
@resource://gre/modules/osfile.jsm:12:30
@resource://gre/modules/TelemetryStorage.sys.mjs:10:28
_checkPendingPings@resource://gre/modules/TelemetrySend.sys.mjs:863:17
setup@resource://gre/modules/TelemetrySend.sys.mjs:803:18
setup@resource://gre/modules/TelemetrySend.sys.mjs:241:30
setupTelemetry/this._delayedInitTask<@resource://gre/modules/TelemetryControllerParent.sys.mjs:828:36
observe@resource://gre/modules/AsyncShutdown.sys.mjs:576:16

console.error: "TelemetryScheduler.shutdown - Already shut down"
WARNING: A blocker encountered an error while we were waiting.
          Blocker:  Waiting for ping task
          Phase: TelemetryController: Waiting for pending ping activity
          State: (none)
WARNING: Error: Phase "profile-before-change" is finished, it is too late to register completion condition "OS.File: flush I/O queued before profileBeforeChange"
WARNING: addBlocker@resource://gre/modules/AsyncShutdown.sys.mjs:727:15
addBlocker@resource://gre/modules/AsyncShutdown.sys.mjs:523:26
addBlocker@resource://gre/modules/AsyncShutdown.sys.mjs:458:15
setupShutdown@resource://gre/modules/osfile/osfile_async_front.jsm:1548:28
@resource://gre/modules/osfile/osfile_async_front.jsm:1568:16
@resource://gre/modules/osfile.jsm:12:30
@resource://gre/modules/TelemetryStorage.sys.mjs:10:28
_checkPendingPings@resource://gre/modules/TelemetrySend.sys.mjs:863:17
setup@resource://gre/modules/TelemetrySend.sys.mjs:803:18
setup@resource://gre/modules/TelemetrySend.sys.mjs:241:30
setupTelemetry/this._delayedInitTask<@resource://gre/modules/TelemetryControllerParent.sys.mjs:828:36
observe@resource://gre/modules/AsyncShutdown.sys.mjs:576:16

WARNING: A blocker encountered an error while we were waiting.
          Blocker:  Waiting for ping task
          Phase: TelemetryController: Waiting for pending ping activity
          State: (none)
WARNING: Error: Phase "profile-before-change" is finished, it is too late to register completion condition "OS.File: flush I/O queued before profileBeforeChange"
WARNING: addBlocker@resource://gre/modules/AsyncShutdown.sys.mjs:727:15
addBlocker@resource://gre/modules/AsyncShutdown.sys.mjs:523:26
addBlocker@resource://gre/modules/AsyncShutdown.sys.mjs:458:15
setupShutdown@resource://gre/modules/osfile/osfile_async_front.jsm:1548:28
@resource://gre/modules/osfile/osfile_async_front.jsm:1568:16
@resource://gre/modules/osfile.jsm:12:30
@resource://gre/modules/TelemetryStorage.sys.mjs:10:28
_checkPendingPings@resource://gre/modules/TelemetrySend.sys.mjs:863:17
setup@resource://gre/modules/TelemetrySend.sys.mjs:803:18
setup@resource://gre/modules/TelemetrySend.sys.mjs:241:30
setupTelemetry/this._delayedInitTask<@resource://gre/modules/TelemetryControllerParent.sys.mjs:828:36
observe@resource://gre/modules/AsyncShutdown.sys.mjs:576:16

WARNING: A blocker encountered an error while we were waiting.
          Blocker:  TelemetryController: shutting down
          Phase: profile-before-change-telemetry
          State: Error getting state: Error: Phase "profile-before-change" is finished, it is too late to register completion condition "OS.File: flush I/O queued before profileBeforeChange" at addBlocker@resource://gre/modules/AsyncShutdown.sys.mjs:727:15
addBlocker@resource://gre/modules/AsyncShutdown.sys.mjs:523:26
addBlocker@resource://gre/modules/AsyncShutdown.sys.mjs:458:15
setupShutdown@resource://gre/modules/osfile/osfile_async_front.jsm:1548:28
@resource://gre/modules/osfile/osfile_async_front.jsm:1568:16
@resource://gre/modules/osfile.jsm:12:30
@resource://gre/modules/TelemetryStorage.sys.mjs:10:28
_checkPendingPings@resource://gre/modules/TelemetrySend.sys.mjs:863:17
setup@resource://gre/modules/TelemetrySend.sys.mjs:803:18
setup@resource://gre/modules/TelemetrySend.sys.mjs:241:30
setupTelemetry/this._delayedInitTask<@resource://gre/modules/TelemetryControllerParent.sys.mjs:828:36
observe@resource://gre/modules/AsyncShutdown.sys.mjs:576:16

WARNING: Error: Phase "profile-before-change" is finished, it is too late to register completion condition "OS.File: flush I/O queued before profileBeforeChange"
WARNING: addBlocker@resource://gre/modules/AsyncShutdown.sys.mjs:727:15
addBlocker@resource://gre/modules/AsyncShutdown.sys.mjs:523:26
addBlocker@resource://gre/modules/AsyncShutdown.sys.mjs:458:15
setupShutdown@resource://gre/modules/osfile/osfile_async_front.jsm:1548:28
@resource://gre/modules/osfile/osfile_async_front.jsm:1568:16
@resource://gre/modules/osfile.jsm:12:30
@resource://gre/modules/TelemetryStorage.sys.mjs:10:28
_checkPendingPings@resource://gre/modules/TelemetrySend.sys.mjs:863:17
setup@resource://gre/modules/TelemetrySend.sys.mjs:803:18
setup@resource://gre/modules/TelemetrySend.sys.mjs:241:30
setupTelemetry/this._delayedInitTask<@resource://gre/modules/TelemetryControllerParent.sys.mjs:828:36
observe@resource://gre/modules/AsyncShutdown.sys.mjs:576:16

JavaScript error: resource://gre/modules/AsyncShutdown.sys.mjs, line 727: Error: Phase "profile-before-change" is finished, it is too late to register completion condition "OS.File: flush I/O queued before profileBeforeChange"
JavaScript error: resource://gre/modules/AsyncShutdown.sys.mjs, line 727: Error: Phase "profile-before-change" is finished, it is too late to register completion condition "OS.File: flush I/O queued before profileBeforeChange"
JavaScript error: resource://gre/modules/AsyncShutdown.sys.mjs, line 727: Error: Phase "profile-before-change" is finished, it is too late to register completion condition "OS.File: flush I/O queued before profileBeforeChange"
JavaScript error: resource://gre/modules/AsyncShutdown.sys.mjs, line 727: Error: Phase "profile-before-change" is finished, it is too late to register completion condition "OS.File: flush I/O queued before profileBeforeChange"
JavaScript error: resource://gre/modules/AsyncShutdown.sys.mjs, line 727: Error: Phase "profile-before-change" is finished, it is too late to register completion condition "OS.File: flush I/O queued before profileBeforeChange"
JavaScript error: resource://gre/modules/AsyncShutdown.sys.mjs, line 727: Error: Phase "profile-before-change" is finished, it is too late to register completion condition "OS.File: flush I/O queued before profileBeforeChange"
console.error: "allRecords" [{type:"data", schema:1678092905099, attachment:{hash:"19c069b3b54967e595aa5fe139277fc1a9d775fb6e84aba122152490d4492a86", size:938309, filename:"data-0000-0200.json", location:"main-workspace/quicksuggest/4da76038-e10d-48b5-b043-c9af2b7b5a0b.json", mimetype:"application/octet-stream"}, id:"data-0000-0200", last_modified:1678219124899, _cid:"main/quicksuggest"}, {type:"data", schema:1678218439855, attachment:{hash:"dcc42e1b436599d2e174ca902deda07d92e49ea80a17d9a43999074e123e54fa", size:409524, filename:"data-0200-0400.json", location:"main-workspace/quicksuggest/eca1fdcf-0145-4d6e-bd98-382000b66e11.json", mimetype:"application/octet-stream"}, id:"data-0200-0400", last_modified:1678219124903, _cid:"main/quicksuggest"}, {type:"data", schema:1678218441904, attachment:{hash:"4474f56b756d13f1bdf9a7bb46c46eaf94e5fa7fcb024f0c21a28785997b169f", size:381134, filename:"data-0400-0600.json", location:"main-workspace/quicksuggest/e4758450-3146-456e-a468-c11a7d184539.json", mimetype:"application/octet-stream"}, id:"data-0400-0600", last_modified:1678219124907, _cid:"main/quicksuggest"}, {type:"data", schema:1678218444030, attachment:{hash:"eef481550057f6543eaa20849d25640125eb621d360da039ef3f23ba0674b724", size:261665, filename:"data-0600-0800.json", location:"main-workspace/quicksuggest/1b16e995-6715-45ff-9959-520891ba953d.json", mimetype:"application/octet-stream"}, id:"data-0600-0800", last_modified:1678219124911, _cid:"main/quicksuggest"}, {type:"data", schema:1678218446113, attachment:{hash:"8ffcecfb19f61d6657393a334c63e2c0f3c866269698cd78bfd1a8ace2ae4fd6", size:384179, filename:"data-0800-1000.json", location:"main-workspace/quicksuggest/189e0d1b-a47e-4e00-b741-c265a2dfc0ac.json", mimetype:"application/octet-stream"}, id:"data-0800-1000", last_modified:1678219124915, _cid:"main/quicksuggest"}, {type:"data", schema:1678218448163, attachment:{hash:"8aa42a6c2560ce4045c976d1961ae30c1bace3cc758612a97a7542086378b86f", size:395091, filename:"data-1000-1200.json", location:"main-workspace/quicksuggest/f982dc61-d3e0-4579-9781-f6e49f0240e5.json", mimetype:"application/octet-stream"}, id:"data-1000-1200", last_modified:1678219124919, _cid:"main/quicksuggest"}, {type:"data", schema:1678218450368, attachment:{hash:"8a27682624b659114441453ab3e401f3d9d372fb43bdbcdf1c6eba0cf7a2bb75", size:356274, filename:"data-1200-1400.json", location:"main-workspace/quicksuggest/d0085967-9020-4681-b22e-d72420c78a5b.json", mimetype:"application/octet-stream"}, id:"data-1200-1400", last_modified:1678219124931, _cid:"main/quicksuggest"}, {type:"data", schema:1678218452406, attachment:{hash:"13b34b4cdd057e9c423a7cc5398f6f3eee92195a0f142dd3078915ec0299968e", size:254896, filename:"data-1400-1600.json", location:"main-workspace/quicksuggest/39ecd790-1897-4c5a-a783-6666880dbdb8.json", mimetype:"application/octet-stream"}, id:"data-1400-1600", last_modified:1678219124927, _cid:"main/quicksuggest"}, {type:"data", schema:1678218454421, attachment:{hash:"05ba036d53786db8eeb3ef80d526f10c760e5e0481af99c0c016298b931bf311", size:459147, filename:"data-1600-1800.json", location:"main-workspace/quicksuggest/7ed4bc55-ff6f-4da3-aa59-0faabea14ab5.json", mimetype:"application/octet-stream"}, id:"data-1600-1800", last_modified:1678219124923, _cid:"main/quicksuggest"}, {type:"data", schema:1681733638187, attachment:{hash:"ca6a0ae0ec3fcdc1a143058b173e8e09eb31a74bdf4c8134ba0bdc3ce5106e20", size:86608, filename:"data-wikipedia-0000-0200.json", location:"main-workspace/quicksuggest/6cbe84ee-1fca-4aa0-99a5-0d476df8af42.json", mimetype:"application/octet-stream"}, id:"data-wikipedia-0000-0200", last_modified:1681841549397, _cid:"main/quicksuggest"}, {type:"data", schema:1681841316775, attachment:{hash:"2771b874b598eb4ab6fa9ec45f18f7b57dd9530471c8cf990bee89640ac76850", size:82051, filename:"data-wikipedia-0200-0400.json", location:"main-workspace/quicksuggest/a8c9eb5a-8892-409e-a6f2-0c06a1ee2a6c.json", mimetype:"application/octet-stream"}, id:"data-wikipedia-0200-0400", last_modified:1681841549401, _cid:"main/quicksuggest"}, {type:"data", schema:1681841318319, attachment:{hash:"ebef9a596062db1f612e5a72a06be597200bee8e4f5434bf2f440f6dd640de5c", size:84287, filename:"data-wikipedia-0400-0600.json", location:"main-workspace/quicksuggest/845fd8ef-5904-48e6-b451-3d420c21c2be.json", mimetype:"application/octet-stream"}, id:"data-wikipedia-0400-0600", last_modified:1681841549405, _cid:"main/quicksuggest"}, {type:"data", schema:1681841319841, attachment:{hash:"a46cc31d38d951878613eb36a7e711467c5cdbd455a0ed13508a84a6ef2c971a", size:88350, filename:"data-wikipedia-0600-0800.json", location:"main-workspace/quicksuggest/d5bb3469-36d3-4437-be9c-3be6fe864e48.json", mimetype:"application/octet-stream"}, id:"data-wikipedia-0600-0800", last_modified:1681841549409, _cid:"main/quicksuggest"}, {type:"data", schema:1681841321374, attachment:{hash:"535215b6d0296e913a17bea878ab06e1e5193031bb717893a1b8715b3f5bbae0", size:87488, filename:"data-wikipedia-0800-1000.json", location:"main-workspace/quicksuggest/beddf10b-441a-40f1-af47-91c5bf8c51f9.json", mimetype:"application/octet-stream"}, id:"data-wikipedia-0800-1000", last_modified:1681841549413, _cid:"main/quicksuggest"}, {type:"data", schema:1681841322882, attachment:{hash:"7058cf58feeb86e0ce1312a932a9261bb760d08a6d64fe8af89fe81c1a5626a2", size:90362, filename:"data-wikipedia-1000-1200.json", location:"main-workspace/quicksuggest/07a52bf8-0276-4a0e-b20b-79a107feb637.json", mimetype:"application/octet-stream"}, id:"data-wikipedia-1000-1200", last_modified:1681841549417, _cid:"main/quicksuggest"}, {type:"data", schema:1681841324574, attachment:{hash:"679b8c4cf877543a6be5cc4b42ffc0ccea9c5fff14659cedd0453ac8b5cb0bd4", size:91990, filename:"data-wikipedia-1200-1400.json", location:"main-workspace/quicksuggest/8e41f447-53fd-4a60-aa61-5ef4df361f91.json", mimetype:"application/octet-stream"}, id:"data-wikipedia-1200-1400", last_modified:1681841549421, _cid:"main/quicksuggest"}, {type:"data", schema:1681841326135, attachment:{hash:"ae1a1c7d45df0668009e4f594cee3c62dfa2ff6fd329d06b8e89b39421a96c90", size:92728, filename:"data-wikipedia-1400-1600.json", location:"main-workspace/quicksuggest/3866f88b-7d67-4079-bbd6-f93050ad641f.json", mimetype:"application/octet-stream"}, id:"data-wikipedia-1400-1600", last_modified:1681841549425, _cid:"main/quicksuggest"}, {type:"data", schema:1681841327844, attachment:{hash:"15bf9d0381041b72630b0af752b4cb210cff4637bc98566b75c99c32ff2cc982", size:88098, filename:"data-wikipedia-1600-1800.json", location:"main-workspace/quicksuggest/dfc76b3d-5a5b-4655-b508-1042de37ad37.json", mimetype:"application/octet-stream"}, id:"data-wikipedia-1600-1800", last_modified:1681841549429, _cid:"main/quicksuggest"}, {type:"data", schema:1681841329386, attachment:{hash:"6838167c9286971200c8b13175b6d6f23e82ce1e51d0324938cf0d8d4eeaf513", size:88908, filename:"data-wikipedia-1800-2000.json", location:"main-workspace/quicksuggest/6443f899-bb84-4bf3-aa82-121bd7deeb41.json", mimetype:"application/octet-stream"}, id:"data-wikipedia-1800-2000", last_modified:1681841549433, _cid:"main/quicksuggest"}, {type:"data", schema:1681841331031, attachment:{hash:"9d581273a8f654b4cf985e75763b654da6b029d34477ab7bead71422afde3238", size:89416, filename:"data-wikipedia-2000-2200.json", location:"main-workspace/quicksuggest/477369e9-9416-4b44-ad1b-55c94efd467d.json", mimetype:"application/octet-stream"}, id:"data-wikipedia-2000-2200", last_modified:1681841549437, _cid:"main/quicksuggest"}, {type:"data", schema:1681841332499, attachment:{hash:"42d653553e86dc51e9574e8125a7b3ac2e12a39bcc52357d62f9dfcce963a780", size:86361, filename:"data-wikipedia-2200-2400.json", location:"main-workspace/quicksuggest/b7e8f543-da34-441b-b83d-2350de0032a0.json", mimetype:"application/octet-stream"}, id:"data-wikipedia-2200-2400", last_modified:1681841549441, _cid:"main/quicksuggest"}, {type:"data", schema:1681841334041, attachment:{hash:"eb2bce00a908320acbfde062c6d2d43a97d66f180ae9da36d510ddfa9ec15c00", size:87876, filename:"data-wikipedia-2400-2600.json", location:"main-workspace/quicksuggest/a8296fbe-1dc5-4bf9-b070-dadcd210776d.json", mimetype:"application/octet-stream"}, id:"data-wikipedia-2400-2600", last_modified:1681841549445, _cid:"main/quicksuggest"}, {type:"data", schema:1681841335584, attachment:{hash:"ccfc7db28f0eb2c793b1c2a524b39add12379738e84255ade3cf6e7a3e2004e3", size:93103, filename:"data-wikipedia-2600-2800.json", location:"main-workspace/quicksuggest/c91d988f-5c2b-4ae8-9477-09af107960c2.json", mimetype:"application/octet-stream"}, id:"data-wikipedia-2600-2800", last_modified:1681841549449, _cid:"main/quicksuggest"}, {type:"data", schema:1681841337250, attachment:{hash:"0a0bcacc39726d8dd3492f2a8a012b20eb774bbdc9d3bda915f2632ba32634ec", size:91252, filename:"data-wikipedia-2800-3000.json", location:"main-workspace/quicksuggest/9fe21c3d-9e08-4eea-a506-7b912ea5d940.json", mimetype:"application/octet-stream"}, id:"data-wikipedia-2800-3000", last_modified:1681841549453, _cid:"main/quicksuggest"}, {type:"data", schema:1681841338782, attachment:{hash:"3b39f5c0c586ac5b14eb0175613c80cd92795129d27eede62c43a8ec774b4f49", size:85195, filename:"data-wikipedia-3000-3200.json", location:"main-workspace/quicksuggest/9a16ed98-94e0-4898-beae-7c80cbabc346.json", mimetype:"application/octet-stream"}, id:"data-wikipedia-3000-3200", last_modified:1681841549457, _cid:"main/quicksuggest"}, {type:"data", schema:1681841340364, attachment:{hash:"70ee14b8d7766908e6db1b9d996841be08520847803a0f37b0f04eea2aaa6a7a", size:91339, filename:"data-wikipedia-3200-3400.json", location:"main-workspace/quicksuggest/a354713f-b1fc-455a-acf6-26184e24836e.json", mimetype:"application/octet-stream"}, id:"data-wikipedia-3200-3400", last_modified:1681841549461, _cid:"main/quicksuggest"}, {type:"data", schema:1681841342002, attachment:{hash:"7ac52f53097493ac9d7f464b8deaff3cddee26dc7a563fb8bdf79d28d06650e9", size:92377, filename:"data-wikipedia-3400-3600.json", location:"main-workspace/quicksuggest/fb6fd515-b0da-4ec1-997e-3d949137b530.json", mimetype:"application/octet-stream"}, id:"data-wikipedia-3400-3600", last_modified:1681841549465, _cid:"main/quicksuggest"}, {type:"data", schema:1681841343662, attachment:{hash:"c828149e32e67a6c79669b76b7075fd6210c2cead2d3c5e6019713dc7a8ccc68", size:92640, filename:"data-wikipedia-3600-3800.json", location:"main-workspace/quicksuggest/3848ed5b-6060-4579-a147-1aba8f818aaa.json", mimetype:"application/octet-stream"}, id:"data-wikipedia-3600-3800", last_modified:1681841549469, _cid:"main/quicksuggest"}, {type:"data", schema:1681841345324, attachment:{hash:"9c51b9132bf760361f5f38031b67d784bdc2e37b470dd4b60cc2304c70723428", size:87489, filename:"data-wikipedia-3800-4000.json", location:"main-workspace/quicksuggest/555f2832-ee1e-495c-a431-cc212c14d84f.json", mimetype:"application/octet-stream"}, id:"data-wikipedia-3800-4000", last_modified:1681841549473, _cid:"main/quicksuggest"}, {type:"data", schema:1681841346975, attachment:{hash:"b1c8fd0726cdc7f86a0a2eadcc4728f46521c9946589152e27cbb511755e25f5", size:89593, filename:"data-wikipedia-4000-4200.json", location:"main-workspace/quicksuggest/0e6e76f4-5b41-48a9-8ed6-90557907ad4d.json", mimetype:"application/octet-stream"}, id:"data-wikipedia-4000-4200", last_modified:1681841549477, _cid:"main/quicksuggest"}, {type:"data", schema:1681841348633, attachment:{hash:"d0deaace525c2560c0c93e2f2bc69a0774567d02e52a0669f97b46360d4301aa", size:89070, filename:"data-wikipedia-4200-4400.json", location:"main-workspace/quicksuggest/495acc9b-8b0f-4b11-bbff-6e065ba5496e.json", mimetype:"application/octet-stream"}, id:"data-wikipedia-4200-4400", last_modified:1681841549481, _cid:"main/quicksuggest"}, {type:"data", schema:1681841350115, attachment:{hash:"b135694aa644f29accb55988a8f347ee9f3e1d7721a1d9d24e87ced9a1852c1b", size:92529, filename:"data-wikipedia-4400-4600.json", location:"main-workspace/quicksuggest/9c67517e-6be2-43a9-adb3-31a52302f5d3.json", mimetype:"application/octet-stream"}, id:"data-wikipedia-4400-4600", last_modified:1681841549485, _cid:"main/quicksuggest"}, {type:"data", schema:1681841351832, attachment:{hash:"3c1d10eea3e2a81491dea5829facd910b01442e11c1ade57ce8a181849c70c40", size:89233, filename:"data-wikipedia-4600-4800.json", location:"main-workspace/quicksuggest/a8955ce1-88fd-47c8-89c8-a6cef36fea90.json", mimetype:"application/octet-stream"}, id:"data-wikipedia-4600-4800", last_modified:1681841549489, _cid:"main/quicksuggest"}, {type:"data", schema:1681841353550, attachment:{hash:"18e0cde412ba6a4baedf35dc9404a6c06e4497d8634c43a0d3d734e5df9f0473", size:94327, filename:"data-wikipedia-4800-5000.json", location:"main-workspace/quicksuggest/5f3df234-3196-4036-9428-50079bd8b280.json", mimetype:"application/octet-stream"}, id:"data-wikipedia-4800-5000", last_modified:1681841549493, _cid:"main/quicksuggest"}, {type:"data", schema:1681841355207, attachment:{hash:"75d75b942212f22fcd7b503a5f0505a36f4ba0289fe50ce9c92b8e086f168a0d", size:89219, filename:"data-wikipedia-5000-5200.json", location:"main-workspace/quicksuggest/a3a776a4-ecec-478e-b62c-91e4d2c15d06.json", mimetype:"application/octet-stream"}, id:"data-wikipedia-5000-5200", last_modified:1681841549497, _cid:"main/quicksuggest"}, {type:"data", schema:1681841356838, attachment:{hash:"3b03e47230aed750453b4c3d91b3d471d38b88e95b98ff0f641df17a5423d5f0", size:96443, filename:"data-wikipedia-5200-5400.json", location:"main-workspace/quicksuggest/054ed6dc-6159-45a0-b640-408918c3cadd.json", mimetype:"application/octet-stream"}, id:"data-wikipedia-5200-5400", last_modified:1681841549502, _cid:"main/quicksuggest"}, {type:"data", schema:1681841358535, attachment:{hash:"58d41aa34dc92a93ad190d60210da69bc612c6c7a7618472c2f787bbd772ffbc", size:93613, filename:"data-wikipedia-5400-5600.json", location:"main-workspace/quicksuggest/1ffacd72-df47-47f2-8a9b-aa83881171dc.json", mimetype:"application/octet-stream"}, id:"data-wikipedia-5400-5600", last_modified:1681841549506, _cid:"main/quicksuggest"}, {type:"data", schema:1681841360185, attachment:{hash:"6a328c3a878eb581f6808075db72e81542f969fa119d86b4566b7f5a2939b2b6", size:96690, filename:"data-wikipedia-5600-5800.json", location:"main-workspace/quicksuggest/228eee14-0e15-4df9-9ed6-02a08f460655.json", mimetype:"application/octet-stream"}, id:"data-wikipedia-5600-5800", last_modified:1681841549510, _cid:"main/quicksuggest"}, {type:"data", schema:1681841361919, attachment:{hash:"7591414dc4cfe77b33af16361770cf96fb37b015565dfef1bb8e0cff71c8b4f7", size:90878, filename:"data-wikipedia-5800-6000.json", location:"main-workspace/quicksuggest/f35fe791-9bf1-4e79-95bf-305884cc52b1.json", mimetype:"application/octet-stream"}, id:"data-wikipedia-5800-6000", last_modified:1681841549514, _cid:"main/quicksuggest"}, {type:"data", schema:1681841363463, attachment:{hash:"d778ba9e716f88ce269dc9935e363d73573f91a13cf4eee9dee1728ae74e5c5b", size:94830, filename:"data-wikipedia-6000-6200.json", location:"main-workspace/quicksuggest/0a007a57-7aa0-427d-8011-2d697fa4cf24.json", mimetype:"application/octet-stream"}, id:"data-wikipedia-6000-6200", last_modified:1681841549518, _cid:"main/quicksuggest"}, {type:"data", schema:1681841365087, attachment:{hash:"9a7b70bfe76f4247e80f0e794dfcfb5d07c0825b5650b18364d9fb605e5f4709", size:91437, filename:"data-wikipedia-6200-6400.json", location:"main-workspace/quicksuggest/5e64bd8e-6d27-4de1-a7a3-715a94347742.json", mimetype:"application/octet-stream"}, id:"data-wikipedia-6200-6400", last_modified:1681841549522, _cid:"main/quicksuggest"}, {type:"data", schema:1681841366628, attachment:{hash:"199cf59796ed7c491886abed15a37402ba2c2707d484aa286f21654802ab51c3", size:93506, filename:"data-wikipedia-6400-6600.json", location:"main-workspace/quicksuggest/6eeb4fcf-e4d3-4a14-b162-d56759249298.json", mimetype:"application/octet-stream"}, id:"data-wikipedia-6400-6600", last_modified:1681841549526, _cid:"main/quicksuggest"}, {type:"data", schema:1681841368296, attachment:{hash:"32f987022dc495f0c26f31b15b623e53f2489fa34a378e3710501cd2bc8d4229", size:83958, filename:"data-wikipedia-6600-6800.json", location:"main-workspace/quicksuggest/9945c1e2-b0f6-4adb-bf66-8134a6f04a69.json", mimetype:"application/octet-stream"}, id:"data-wikipedia-6600-6800", last_modified:1681841549530, _cid:"main/quicksuggest"}, {type:"data", schema:1681841370083, attachment:{hash:"49b6804dc9e5c89f018e256b56cbee288f6b416a2a12c39cc1d9a43187cb71a5", size:88987, filename:"data-wikipedia-6800-7000.json", location:"main-workspace/quicksuggest/b373503c-ef82-455a-9f2e-18677ed4b5ea.json", mimetype:"application/octet-stream"}, id:"data-wikipedia-6800-7000", last_modified:1681841549534, _cid:"main/quicksuggest"}, {type:"configuration", schema:1674837403828, configuration:{impression_caps:{sponsored:{custom:[{max_count:6, interval_s:777600}]}}}, id:"firefox-suggest-configuration", last_modified:1675440477746, _cid:"main/quicksuggest"}, {type:"icon", schema:1613431227118, attachment:{hash:"a2538526a9793a752a7903f14178a6f2071e05617e1b3493bb32fba0b45ddb0a", size:1883, filename:"icon-160380814674521.jpg", location:"main-workspace/quicksuggest/c531d3ca-db81-4c48-83c3-8e9b586df0e2.jpg", mimetype:"image/jpeg"}, content_type:"image/jpeg", id:"icon-160380814674521", last_modified:1615506294165, _cid:"main/quicksuggest"}, {type:"icon", schema:1681841371584, attachment:{hash:"6552866b8280bc8f9f6230013be66968224c421bc91ecfc814b9c7fa059ab1c6", size:8645, filename:"icon-161351842025116", location:"main-workspace/quicksuggest/7cd403c9-f48f-4f4a-9d91-dbb00bee792c", mimetype:"application/octet-stream"}, content_type:"image/png", id:"icon-161351842025116", last_modified:1681841549583, _cid:"main/quicksuggest"}, {type:"icon", schema:1622490405868, attachment:{hash:"4ac76152aa568990fcbf49ab50c518bdc5dacc4423894dbd8905e65edf8916e9", size:9061, filename:"icon-161351842026026", location:"main-workspace/quicksuggest/8e264f27-207e-4cfd-84c9-8ea2fce78243", mimetype:"application/octet-stream"}, content_type:"image/png", id:"icon-161351842026026", last_modified:1622490685988, _cid:"main/quicksuggest"}, {type:"icon", schema:1654282187493, attachment:{hash:"78eba5f35ae77298800f3a5860fed08d0f9656eb89b80d4c651f2b3e6a51d0bc", size:13554, filename:"icon-161351842026220", location:"main-workspace/quicksuggest/20f6c216-2267-4b1e-af58-22d224043fe9", mimetype:"application/octet-stream"}, content_type:"image/png", id:"icon-161351842026220", last_modified:1654290869864, _cid:"main/quicksuggest"}, {type:"icon", schema:1654282188804, attachment:{hash:"f3a2d8a144e71259ff8103bc2eaac44107b1623e97a7a725c2fd7a78f1aaf536", size:16120, filename:"icon-161351842073252", location:"main-workspace/quicksuggest/4390d749-61a9-4b7a-ac8f-88a2a8145c59", mimetype:"application/octet-stream"}, content_type:"image/png", id:"icon-161351842073252", last_modified:1654290869866, _cid:"main/quicksuggest"}, {type:"icon", schema:1654282190144, attachment:{hash:"1b0d649aa40aff788420cc232e8bc5b0bb5dffa9356e94c252e8fabe8f1997c3", size:8359, filename:"icon-161351842073588", location:"main-workspace/quicksuggest/5e1b56db-af05-453a-83ac-7c094f25918d", mimetype:"application/octet-stream"}, content_type:"image/png", id:"icon-161351842073588", last_modified:1654290869868, _cid:"main/quicksuggest"}, {type:"icon", schema:1654282191464, attachment:{hash:"9d463e9f7538722da0303a4924ce9517b1fb4ee77077ccb60420750755ac59c2", size:8987, filename:"icon-161351842074161", location:"main-workspace/quicksuggest/25043d3b-9aeb-4f57-a7da-874ab81697bd", mimetype:"application/octet-stream"}, content_type:"image/png", id:"icon-161351842074161", last_modified:1654290869871, _cid:"main/quicksuggest"}, {type:"icon", schema:1681841372753, attachment:{hash:"d87a033c09158fb32cd6065cc365d86c4926e19739e40c6c6ccc588212a47661", size:5376, filename:"icon-161351842074183", location:"main-workspace/quicksuggest/e1982207-2bb4-4772-9ffe-440fc2bde547", mimetype:"application/octet-stream"}, content_type:"image/png", id:"icon-161351842074183", last_modified:1681841549579, _cid:"main/quicksuggest"}, {type:"icon", schema:1681841374046, attachment:{hash:"0346042039f4bf138d764354638f8c6c7c5a1b060d586f0ee644bb97e4749f99", size:15000, filename:"icon-161351842074245", location:"main-workspace/quicksuggest/3effb423-893b-4185-9e50-0fa4d5540cf5", mimetype:"application/octet-stream"}, content_type:"image/png", id:"icon-161351842074245", last_modified:1681841549620, _cid:"main/quicksuggest"}, {type:"icon", schema:1654282195034, attachment:{hash:"82f6db7f64c6d1ee7376dc0e9d1000075b23259e13838dc05fd49ad3da8380c0", size:15693, filename:"icon-161351842074251", location:"main-workspace/quicksuggest/7b0c093e-1c31-409b-a323-78ca82e5f600", mimetype:"application/octet-stream"}, content_type:"image/png", id:"icon-161351842074251", last_modified:1654290869878, _cid:"main/quicksuggest"}, {type:"icon", schema:1681841375429, attachment:{hash:"61f3367d7474e51a8543ce6a24819744f5eea70ea52df865294377401dd8f9cb", size:7370, filename:"icon-161351842074301", location:"main-workspace/quicksuggest/052c0c33-f8d4-4500-9881-4beec59249f5", mimetype:"application/octet-stream"}, content_type:"image/png", id:"icon-161351842074301", last_modified:1681841549587, _cid:"main/quicksuggest"}, {type:"icon", schema:1654282197401, attachment:{hash:"a05a10a0bed52fb16180d4325be79761dc4f5f4886b6cffcad7e706d1ed608da", size:2530, filename:"icon-161351842074513", location:"main-workspace/quicksuggest/437e6fa9-e584-4be9-8a1f-e4951809fd17", mimetype:"application/octet-stream"}, content_type:"image/png", id:"icon-161351842074513", last_modified:1654290869859, _cid:"main/quicksuggest"}, {type:"icon", schema:1681841376663, attachment:{hash:"447b79ed867ee92473eacece79be3815bb67f4d186988ae26f3c6e030015e755", size:2465, filename:"icon-161351842074521", location:"main-workspace/quicksuggest/b2134da9-55a4-412b-b791-d67d20aa1155", mimetype:"application/octet-stream"}, content_type:"image/png", id:"icon-161351842074521", last_modified:1681841549591, _cid:"main/quicksuggest"}, {type:"icon", schema:1681841377907, attachment:{hash:"8ba746c13cb00f1f48efde937601be3a035e15795819df3de7308fcdfb387bb0", size:25060, filename:"icon-161351842074523", location:"main-workspace/quicksuggest/fd22dd97-cda1-44fe-9db1-e26900b6e48c", mimetype:"application/octet-stream"}, content_type:"image/png", id:"icon-161351842074523", last_modified:1681841549551, _cid:"main/quicksuggest"}, {type:"icon", schema:1654868092745, attachment:{hash:"e29fb4f53aed7c08b14443ded30ce3432b40752a31beda81bc93bd048f889495", size:2878, filename:"icon-161351842074695", location:"main-workspace/quicksuggest/05f7ba7a-f7cf-4288-a89f-8fad6970a3b8", mimetype:"application/octet-stream"}, content_type:"image/png", id:"icon-161351842074695", last_modified:1654873049802, _cid:"main/quicksuggest"}, {type:"icon", schema:1681841379259, attachment:{hash:"e1c64332342a3a4d5b714d12d9fc7d6383e7b5ef8b056e529eab31d2c3d1b2c0", size:7137, filename:"icon-715212280871211", location:"main-workspace/quicksuggest/5cacc3a8-a8a2-4344-b8b8-772c5cdc9e8a", mimetype:"application/octet-stream"}, content_type:"image/png", id:"icon-715212280871211", last_modified:1681841549555, _cid:"main/quicksuggest"}, {type:"icon", schema:1681841380446, attachment:{hash:"12d9e1c28cd484e9b9c4ca70aca7858d0a790cb2c9d48fef3e78c062ccb51082", size:9243, filename:"icon-71521228087137", location:"main-workspace/quicksuggest/531d38ce-9f9e-4b6c-a953-47407e1d53cd", mimetype:"application/octet-stream"}, content_type:"image/png", id:"icon-71521228087137", last_modified:1681841549616, _cid:"main/quicksuggest"}, {type:"icon", schema:1681841381750, attachment:{hash:"9d8b3bc9ad2356987df2de238f5fcfd9daf48d57956a3016a602eecc73f43a39", size:7638, filename:"icon-715212280871451", location:"main-workspace/quicksuggest/46a7d8dc-4f86-4118-a0e6-5560e1246d88", mimetype:"application/octet-stream"}, content_type:"image/png", id:"icon-715212280871451", last_modified:1681841549559, _cid:"main/quicksuggest"}, {type:"icon", schema:1681841382939, attachment:{hash:"c213ede695aac882b06d259f7d3e4dc725ee5e16c0986cbc4145a9cf5a576501", size:5494, filename:"icon-715212280871453", location:"main-workspace/quicksuggest/94b03a29-72bb-4bf9-af2d-d678ca531b34", mimetype:"application/octet-stream"}, content_type:"image/png", id:"icon-715212280871453", last_modified:1681841549538, _cid:"main/quicksuggest"}, {type:"icon", schema:1681841384159, attachment:{hash:"35069020f4ddd3b1b720a89ce0a814ce9cc103b4fd82e5fca4893709bd1f08a7", size:9608, filename:"icon-715212280871455", location:"main-workspace/quicksuggest/1bf510ea-c8fb-49be-975d-40a18beecb13", mimetype:"application/octet-stream"}, content_type:"image/png", id:"icon-715212280871455", last_modified:1681841549542, _cid:"main/quicksuggest"}, {type:"icon", schema:1681841385444, attachment:{hash:"fba5f6104bf40c561e687267cae8bbe9d77554cbca3a4d301ee652ac87579158", size:5174, filename:"icon-715212280871457", location:"main-workspace/quicksuggest/f03a8fee-18d6-4566-aacc-b4ecdecfb70f", mimetype:"application/octet-stream"}, content_type:"image/png", id:"icon-715212280871457", last_modified:1681841549547, _cid:"main/quicksuggest"}, {type:"icon", schema:1675984449176, attachment:{hash:"f7ff948b3f788edb88bdc7e467ff759ce7092a1d05593c096fc07b584a3e48db", size:7030, filename:"icon-715212280871459", location:"main-workspace/quicksuggest/f62cf809-c547-4164-9475-6b5fae2f5f9a", mimetype:"application/octet-stream"}, content_type:"image/png", id:"icon-715212280871459", last_modified:1675984983907, _cid:"main/quicksuggest"}, {type:"icon", schema:1681841386660, attachment:{hash:"97212b636473aedacf8bb66d0bc7f6f21a798ad957c513d030989d82f75e2c88", size:3555, filename:"icon-715212280871461", location:"main-workspace/quicksuggest/b6c57eed-cec2-4646-8232-29d042014356", mimetype:"application/octet-stream"}, content_type:"image/png", id:"icon-715212280871461", last_modified:1681841549389, _cid:"main/quicksuggest"}, {type:"icon", schema:1681841387833, attachment:{hash:"97212b636473aedacf8bb66d0bc7f6f21a798ad957c513d030989d82f75e2c88", size:3555, filename:"icon-715212280871463", location:"main-workspace/quicksuggest/463d3e11-7929-4299-9874-b3d374ecf623", mimetype:"application/octet-stream"}, content_type:"image/png", id:"icon-715212280871463", last_modified:1681841549393, _cid:"main/quicksuggest"}, {type:"icon", schema:1681841389017, attachment:{hash:"86c60f6eee289756fc44f25f679dea917701e016a3e47e9df024d1d3d46a4a6f", size:5197, filename:"icon-71521228087187", location:"main-workspace/quicksuggest/572dda92-bbc2-45ed-98b0-e9a8539d22c0", mimetype:"application/octet-stream"}, content_type:"image/png", id:"icon-71521228087187", last_modified:1681841549624, _cid:"main/quicksuggest"}, {type:"icon", schema:1681841390306, attachment:{hash:"720d2a95ec819b19da5d7bab093b93c717537075f26606111d893700bfc69b9b", size:6425, filename:"icon-72521228087442", location:"main-workspace/quicksuggest/e0f8302b-4b03-4af4-b59e-c55474105d82", mimetype:"application/octet-stream"}, content_type:"image/png", id:"icon-72521228087442", last_modified:1681841549612, _cid:"main/quicksuggest"}, {type:"icon", schema:1681841391506, attachment:{hash:"43bedc7c79fd13455c566a39e4ea074c546886dbbbf647cbe962113fdbd04428", size:8064, filename:"icon-72521228087460", location:"main-workspace/quicksuggest/bc6e66a3-0634-48ab-8754-79c01257b8bd", mimetype:"application/octet-stream"}, content_type:"image/png", id:"icon-72521228087460", last_modified:1681841549563, _cid:"main/quicksuggest"}, {type:"icon", schema:1681841392710, attachment:{hash:"516edd167a327af61e194d0f7057a2ad1e5bf8df06793885813f92b6a833a5c0", size:9491, filename:"icon-72521228087474", location:"main-workspace/quicksuggest/6d068215-2025-47b0-b5d3-1a93191c6f1d", mimetype:"application/octet-stream"}, content_type:"image/png", id:"icon-72521228087474", last_modified:1681841549567, _cid:"main/quicksuggest"}, {type:"icon", schema:1681841394078, attachment:{hash:"fbea729a718310d8824e7cae53b83155e663f7e50fbef2c9f06ba0b83aae5d6e", size:4334, filename:"icon-72521228087494", location:"main-workspace/quicksuggest/765ba195-a5fe-4a8e-b26a-29bcabc87f20", mimetype:"application/octet-stream"}, content_type:"image/png", id:"icon-72521228087494", last_modified:1681841549608, _cid:"main/quicksuggest"}, {type:"icon", schema:1681841395251, attachment:{hash:"d9634d5d755f1b18b784c564d1e83b00f44f0293bd33ccef7861143b123de4f3", size:20652, filename:"icon-72521228087528", location:"main-workspace/quicksuggest/4d831bd2-2b6d-4af3-9adb-6128ec9415e7", mimetype:"application/octet-stream"}, content_type:"image/png", id:"icon-72521228087528", last_modified:1681841549571, _cid:"main/quicksuggest"}, {type:"icon", schema:1681841396593, attachment:{hash:"6686a3af1384a08a27ea6a6119da30e0769dd4049cf0ba48aef1ee25e1af42cc", size:8505, filename:"icon-72521228087542", location:"main-workspace/quicksuggest/da6454ac-a095-4cc5-90cc-af7cf57cfce7", mimetype:"application/octet-stream"}, content_type:"image/png", id:"icon-72521228087542", last_modified:1681841549575, _cid:"main/quicksuggest"}, {type:"icon", schema:1681841397806, attachment:{hash:"ff67eed5c352ef861ee913d86f66be0abc158e15e3cfa7ffb5e27cfb63299147", size:7009, filename:"icon-72521228087622", location:"main-workspace/quicksuggest/a75cfa6a-a66c-4034-b1ce-a663c75c07b2", mimetype:"application/octet-stream"}, content_type:"image/png", id:"icon-72521228087622", last_modified:1681841549604, _cid:"main/quicksuggest"}, {type:"icon", schema:1681841399087, attachment:{hash:"8ba746c13cb00f1f48efde937601be3a035e15795819df3de7308fcdfb387bb0", size:25060, filename:"icon-72521228087640", location:"main-workspace/quicksuggest/448bbc50-721b-4657-bf40-95c292868fb4", mimetype:"application/octet-stream"}, content_type:"image/png", id:"icon-72521228087640", last_modified:1681841549599, _cid:"main/quicksuggest"}, {type:"icon", schema:1681841400458, attachment:{hash:"be0592b0ebc07925cad82429b83abb0a2ca51edce23a57a16df91ffc0fc023da", size:11896, filename:"icon-72521228087646", location:"main-workspace/quicksuggest/6c963c9d-90f4-4e5b-a4d2-077bead7731f", mimetype:"application/octet-stream"}, content_type:"image/png", id:"icon-72521228087646", last_modified:1681841549595, _cid:"main/quicksuggest"}, {type:"suggestion schema", schema:1674165977567, 'suggestion schema':{type:"object", title:"Suggestion", $schema:"https://json-schema.org/draft/2020-12/schema", required:["id", "url", "impression_url", "click_url", "iab_category", "icon", "advertiser", "title", "keywords", "full_keywords"], properties:{id:{type:"integer", description:"The identifier of the suggestion"}, url:{type:"string", description:"The landing URL of the suggestion"}, icon:{type:"string", description:"The name of the suggestion icon"}, title:{type:"string", description:"The title of the suggestion"}, keywords:{type:"array", items:{type:"string"}, minItems:1, description:"The search keywords for the suggestion", uniqueItems:true}, click_url:{type:"string", description:"The click reporting URL of the suggestion. This is for data reporting only, not be confused with `url`"}, advertiser:{type:"string", description:"The advertiser name of the suggestion"}, iab_category:{enum:["5 - Education", "22 - Shopping"], type:"string", description:"The IAB category identifier of the suggestion"}, full_keywords:{type:"array", items:{type:"array", items:{oneOf:[{type:"string", description:"The full keyword for a list of queries & partials"}, {type:"integer", description:"The total number of queries that share this full keyword"}]}}, minItems:1, description:"Running length encoding array for maps key words to full keywords", uniqueItems:false}, impression_url:{type:"string", description:"The impression reporting URL of the suggestion"}}, description:"The schema for QuickSuggest suggestion on Remote Settings"}, id:"suggestion-schema", last_modified:1674166327238, _cid:"main/quicksuggest"}, {type:"weather", schema:1683294047906, weather:{keywords:["weather", "forecast", "windy", "humidity", "monsoon", "flooding", "rain in", "storms", "storm in", "forcast", "wether", "wather", "weahter", "weater", "weaher", "vindy"], min_keyword_length:3, min_keyword_length_cap:6}, id:"weather", last_modified:1683313881574, _cid:"main/quicksuggest"}]
console.error: "Problem getting stored prefs for TopSites"
JavaScript error: , line 0: uncaught exception: null
console.error: "Problem getting stored prefs for TopSites"
JavaScript error: , line 0: uncaught exception: null
console.error: "Problem getting stored prefs for TopSites"
JavaScript error: , line 0: uncaught exception: null
console.error: "Problem getting stored prefs for TopSites"
JavaScript error: , line 0: uncaught exception: null
console.error: "Problem getting stored prefs for TopSites"
JavaScript error: , line 0: uncaught exception: null
console.error: "Problem getting stored prefs for TopSites"
JavaScript error: , line 0: uncaught exception: null
console.error: "Problem getting stored prefs for TopSites"
JavaScript error: , line 0: uncaught exception: null
console.error: "Problem getting stored prefs for TopSites"
JavaScript error: , line 0: uncaught exception: null
console.error: "Problem getting stored prefs for TopSites"
JavaScript error: , line 0: uncaught exception: null
